[debug] [2018-05-14T17:28:01.912Z] ----------------------------------------------------------------------
[debug] [2018-05-14T17:28:01.917Z] Command:       C:\Program Files\nodejs\node.exe C:\Users\Jérémie\AppData\Roaming\npm\node_modules\firebase-tools\bin\firebase deploy
[debug] [2018-05-14T17:28:01.918Z] CLI Version:   3.17.6
[debug] [2018-05-14T17:28:01.918Z] Platform:      win32
[debug] [2018-05-14T17:28:01.918Z] Node Version:  v8.9.4
[debug] [2018-05-14T17:28:01.920Z] Time:          Mon May 14 2018 19:28:01 GMT+0200 (Paris, Madrid (heure d’été))
[debug] [2018-05-14T17:28:01.920Z] ----------------------------------------------------------------------
[debug] 
[debug] [2018-05-14T17:28:01.948Z] > command requires scopes: ["email","openid","https://www.googleapis.com/auth/cloudplatformprojects.readonly","https://www.googleapis.com/auth/firebase","https://www.googleapis.com/auth/cloud-platform"]
[debug] [2018-05-14T17:28:01.951Z] > authorizing via signed-in user
[debug] [2018-05-14T17:28:01.956Z] > refreshing access token with scopes: ["email","https://www.googleapis.com/auth/cloud-platform","https://www.googleapis.com/auth/cloudplatformprojects.readonly","https://www.googleapis.com/auth/firebase","openid"]
[debug] [2018-05-14T17:28:01.956Z] >>> HTTP REQUEST POST https://www.googleapis.com/oauth2/v3/token  
 { refresh_token: '1/pzLq0IpEwWzWn6XKaBRDLXLozW7ygc54S-AAqrQSE6c',
  client_id: '563584335869-fgrhgmd47bqnekij5i8b5pr03ho849e6.apps.googleusercontent.com',
  client_secret: 'j9iVZfS8kkCEFUPaAeJV0sAi',
  grant_type: 'refresh_token',
  scope: 'email https://www.googleapis.com/auth/cloud-platform https://www.googleapis.com/auth/cloudplatformprojects.readonly https://www.googleapis.com/auth/firebase openid' } 
 Mon May 14 2018 19:28:01 GMT+0200 (Paris, Madrid (heure d’été))
[debug] [2018-05-14T17:28:02.177Z] <<< HTTP RESPONSE 200
[debug] [2018-05-14T17:28:02.192Z] >>> HTTP REQUEST GET https://admin.firebase.com/v1/projects/my-best-cms  
  
 Mon May 14 2018 19:28:02 GMT+0200 (Paris, Madrid (heure d’été))
[debug] [2018-05-14T17:28:02.828Z] <<< HTTP RESPONSE 200
[debug] [2018-05-14T17:28:02.829Z] >>> HTTP REQUEST GET https://admin.firebase.com/v1/database/my-best-cms/tokens  
  
 Mon May 14 2018 19:28:02 GMT+0200 (Paris, Madrid (heure d’été))
